Using pre-set license
Built from '2020.3/staging' branch; Version is '2020.3.20f1 (41c4e627c95f) revision 4310246'; Using compiler version '192528614'; Build Type 'Release'
OS: 'Windows 10 Pro; OS build 19044.1466; Version 2009; 64bit' Language: 'en' Physical Memory: 32593 MB
BatchMode: 1, IsHumanControllingUs: 0, StartBugReporterOnCrash: 0, Is64bit: 1, IsPro: 0

COMMAND LINE ARGUMENTS:
C:\Program Files\Unity\Hub\Editor\2020.3.20f1\Editor\Unity.exe
-adb2
-batchMode
-noUpm
-name
AssetImportWorker0
-projectPath
G:/Local Reposetories/Shader-Programming-Course/Shader Programming Course
-logFile
Logs/AssetImportWorker0.log
-srvPort
50035
Successfully changed project path to: G:/Local Reposetories/Shader-Programming-Course/Shader Programming Course
G:/Local Reposetories/Shader-Programming-Course/Shader Programming Course
Using Asset Import Pipeline V2.
Refreshing native plugins compatible for Editor in 27.65 ms, found 2 plugins.
Preloading 0 native plugins for Editor in 0.00 ms.
Initialize engine version: 2020.3.20f1 (41c4e627c95f)
[Subsystems] Discovering subsystems at path C:/Program Files/Unity/Hub/Editor/2020.3.20f1/Editor/Data/Resources/UnitySubsystems
[Subsystems] Discovering subsystems at path G:/Local Reposetories/Shader-Programming-Course/Shader Programming Course/Assets
GfxDevice: creating device client; threaded=0
Direct3D:
    Version:  Direct3D 11.0 [level 11.1]
    Renderer: AMD Radeon (TM) R9 390 Series (ID=0x67b1)
    Vendor:   
    VRAM:     8167 MB
    Driver:   27.20.20903.8001
Initialize mono
Mono path[0] = 'C:/Program Files/Unity/Hub/Editor/2020.3.20f1/Editor/Data/Managed'
Mono path[1] = 'C:/Program Files/Unity/Hub/Editor/2020.3.20f1/Editor/Data/MonoBleedingEdge/lib/mono/unityjit'
Mono config path = 'C:/Program Files/Unity/Hub/Editor/2020.3.20f1/Editor/Data/MonoBleedingEdge/etc'
Using monoOptions --debugger-agent=transport=dt_socket,embedding=1,server=y,suspend=n,address=127.0.0.1:56324
Begin MonoManager ReloadAssembly
Registering precompiled unity dll's ...
Register platform support module: C:/Program Files/Unity/Hub/Editor/2020.3.20f1/Editor/Data/PlaybackEngines/WindowsStandaloneSupport/UnityEditor.WindowsStandalone.Extensions.dll
Registered in 0.001593 seconds.
Native extension for WindowsStandalone target not found
Refreshing native plugins compatible for Editor in 22.32 ms, found 2 plugins.
Preloading 0 native plugins for Editor in 0.00 ms.
Mono: successfully reloaded assembly
- Completed reload, in  0.809 seconds
Domain Reload Profiling:
	ReloadAssembly (809ms)
		BeginReloadAssembly (42ms)
			ExecutionOrderSort (0ms)
			DisableScriptedObjects (0ms)
			BackupInstance (0ms)
			ReleaseScriptingObjects (0ms)
			CreateAndSetChildDomain (1ms)
		EndReloadAssembly (345ms)
			LoadAssemblies (40ms)
			RebuildTransferFunctionScriptingTraits (0ms)
			SetupTypeCache (124ms)
			ReleaseScriptCaches (0ms)
			RebuildScriptCaches (26ms)
			SetupLoadedEditorAssemblies (129ms)
				LogAssemblyErrors (0ms)
				InitializePlatformSupportModulesInManaged (4ms)
				SetLoadedEditorAssemblies (0ms)
				RefreshPlugins (22ms)
				BeforeProcessingInitializeOnLoad (10ms)
				ProcessInitializeOnLoadAttributes (69ms)
				ProcessInitializeOnLoadMethodAttributes (23ms)
				AfterProcessingInitializeOnLoad (0ms)
				EditorAssembliesLoaded (0ms)
			ExecutionOrderSort2 (0ms)
			AwakeInstancesAfterBackupRestoration (0ms)
Platform modules already initialized, skipping
Registering precompiled user dll's ...
Registered in 0.001464 seconds.
Begin MonoManager ReloadAssembly
Native extension for WindowsStandalone target not found
Refreshing native plugins compatible for Editor in 0.22 ms, found 2 plugins.
Preloading 0 native plugins for Editor in 0.00 ms.
Mono: successfully reloaded assembly
- Completed reload, in  0.756 seconds
Domain Reload Profiling:
	ReloadAssembly (757ms)
		BeginReloadAssembly (110ms)
			ExecutionOrderSort (0ms)
			DisableScriptedObjects (3ms)
			BackupInstance (0ms)
			ReleaseScriptingObjects (0ms)
			CreateAndSetChildDomain (15ms)
		EndReloadAssembly (598ms)
			LoadAssemblies (68ms)
			RebuildTransferFunctionScriptingTraits (0ms)
			SetupTypeCache (184ms)
			ReleaseScriptCaches (0ms)
			RebuildScriptCaches (37ms)
			SetupLoadedEditorAssemblies (239ms)
				LogAssemblyErrors (0ms)
				InitializePlatformSupportModulesInManaged (4ms)
				SetLoadedEditorAssemblies (0ms)
				RefreshPlugins (0ms)
				BeforeProcessingInitializeOnLoad (64ms)
				ProcessInitializeOnLoadAttributes (163ms)
				ProcessInitializeOnLoadMethodAttributes (3ms)
				AfterProcessingInitializeOnLoad (4ms)
				EditorAssembliesLoaded (0ms)
			ExecutionOrderSort2 (0ms)
			AwakeInstancesAfterBackupRestoration (6ms)
Platform modules already initialized, skipping
========================================================================
Worker process is ready to serve import requests
Launched and connected shader compiler UnityShaderCompiler.exe after 0.04 seconds
Refreshing native plugins compatible for Editor in 0.21 ms, found 2 plugins.
Preloading 0 native plugins for Editor in 0.00 ms.
Unloading 1401 Unused Serialized files (Serialized files now loaded: 0)
System memory in use before: 65.1 MB.
System memory in use after: 65.2 MB.

Unloading 16 unused Assets to reduce memory usage. Loaded Objects now: 1836.
Total: 2.250700 ms (FindLiveObjects: 0.119800 ms CreateObjectMapping: 0.033400 ms MarkObjects: 2.031000 ms  DeleteObjects: 0.065100 ms)

AssetImportParameters requested are different than current active one (requested -> active):
  custom:framework-win-MediaFoundation: 216162199b28c13a410421893ffa2e32 -> 
  custom:video-decoder-ogg-theora: a1e56fd34408186e4bbccfd4996cb3dc -> 
  custom:container-muxer-webm: aa71ff27fc2769a1b78a27578f13a17b -> 
  custom:container-demuxer-webm: 4f35f7cbe854078d1ac9338744f61a02 -> 
  custom:container-demuxer-ogg: 62fdf1f143b41e24485cea50d1cbac27 -> 
  custom:video-encoder-webm-vp8: eb34c28f22e8b96e1ab97ce403110664 -> 
  custom:video-decoder-webm-vp8: 9c59270c3fd7afecdb556c50c9e8de78 -> 
  custom:audio-decoder-ogg-vorbis: bf7c407c2cedff20999df2af8eb42d56 -> 
  custom:audio-encoder-webm-vorbis: bf7c407c2cedff20999df2af8eb42d56 -> 
========================================================================
Received Import Request.
  path: Assets/BasicShader.shader
  artifactKey: Guid(8eed181d088a01a4b8bb36a9deb154ab) Importer(815301076,1909f56bfc062723c751e8b465ee728b)
Start importing Assets/BasicShader.shader using Guid(8eed181d088a01a4b8bb36a9deb154ab) Importer(815301076,1909f56bfc062723c751e8b465ee728b)  -> (artifact id: 'de6fa06b4732e9defba49e0f044eb692') in 0.026006 seconds 
  Import took 0.028601 seconds .

========================================================================
Received Import Request.
  Time since last request: 14.679422 seconds.
  path: Assets/BasicShader.shader
  artifactKey: Guid(8eed181d088a01a4b8bb36a9deb154ab) Importer(815301076,1909f56bfc062723c751e8b465ee728b)
Start importing Assets/BasicShader.shader using Guid(8eed181d088a01a4b8bb36a9deb154ab) Importer(815301076,1909f56bfc062723c751e8b465ee728b)  -> (artifact id: '913c0feeafb0be8b2a5093d1dc9b21c2') in 0.003305 seconds 
  Import took 0.005273 seconds .

========================================================================
Received Import Request.
  Time since last request: 127.182732 seconds.
  path: Assets/BasicShader.shader
  artifactKey: Guid(8eed181d088a01a4b8bb36a9deb154ab) Importer(815301076,1909f56bfc062723c751e8b465ee728b)
Start importing Assets/BasicShader.shader using Guid(8eed181d088a01a4b8bb36a9deb154ab) Importer(815301076,1909f56bfc062723c751e8b465ee728b)  -> (artifact id: '645334863af99323499807ff479494eb') in 0.002972 seconds 
  Import took 0.005047 seconds .

========================================================================
Received Import Request.
  Time since last request: 266.392534 seconds.
  path: Assets/BasicShader.shader
  artifactKey: Guid(8eed181d088a01a4b8bb36a9deb154ab) Importer(815301076,1909f56bfc062723c751e8b465ee728b)
Start importing Assets/BasicShader.shader using Guid(8eed181d088a01a4b8bb36a9deb154ab) Importer(815301076,1909f56bfc062723c751e8b465ee728b)  -> (artifact id: '215059364337756172470eebf09a8ade') in 0.003330 seconds 
  Import took 0.005121 seconds .

========================================================================
Received Import Request.
  Time since last request: 47.893812 seconds.
  path: Assets/BasicShader.shader
  artifactKey: Guid(8eed181d088a01a4b8bb36a9deb154ab) Importer(815301076,1909f56bfc062723c751e8b465ee728b)
Start importing Assets/BasicShader.shader using Guid(8eed181d088a01a4b8bb36a9deb154ab) Importer(815301076,1909f56bfc062723c751e8b465ee728b)  -> (artifact id: 'fe8f394bd3aa3ac9db6a29769d9bf4ac') in 0.001413 seconds 
  Import took 0.003539 seconds .

========================================================================
Received Import Request.
  Time since last request: 1435.703031 seconds.
  path: Assets/BasicShader.shader
  artifactKey: Guid(8eed181d088a01a4b8bb36a9deb154ab) Importer(815301076,1909f56bfc062723c751e8b465ee728b)
Start importing Assets/BasicShader.shader using Guid(8eed181d088a01a4b8bb36a9deb154ab) Importer(815301076,1909f56bfc062723c751e8b465ee728b)  -> (artifact id: '3ff252ad2d70c8ebd50bbd8130766020') in 0.003817 seconds 
  Import took 0.005949 seconds .

========================================================================
Received Import Request.
  Time since last request: 12.591787 seconds.
  path: Assets/BlinkShader.shader
  artifactKey: Guid(8eed181d088a01a4b8bb36a9deb154ab) Importer(815301076,1909f56bfc062723c751e8b465ee728b)
Start importing Assets/BlinkShader.shader using Guid(8eed181d088a01a4b8bb36a9deb154ab) Importer(815301076,1909f56bfc062723c751e8b465ee728b)  -> (artifact id: '4d385575fb5127976ed1248815dae699') in 0.006903 seconds 
  Import took 0.008626 seconds .

========================================================================
Received Import Request.
  Time since last request: 21.552914 seconds.
  path: Assets/SnowOnRock.shader
  artifactKey: Guid(a144e838021d60748b259ea5db60b511) Importer(815301076,1909f56bfc062723c751e8b465ee728b)
Start importing Assets/SnowOnRock.shader using Guid(a144e838021d60748b259ea5db60b511) Importer(815301076,1909f56bfc062723c751e8b465ee728b)  -> (artifact id: '11a20d3c7afa549e6e101ffb2fcbe79a') in 0.011333 seconds 
  Import took 0.013339 seconds .

========================================================================
Received Import Request.
  Time since last request: 78.571580 seconds.
  path: Assets/SnowOnRock.shader
  artifactKey: Guid(a144e838021d60748b259ea5db60b511) Importer(815301076,1909f56bfc062723c751e8b465ee728b)
Start importing Assets/SnowOnRock.shader using Guid(a144e838021d60748b259ea5db60b511) Importer(815301076,1909f56bfc062723c751e8b465ee728b)  -> (artifact id: 'aa3854dc1289d9963c2ac9aedf8df566') in 0.001726 seconds 
  Import took 0.003562 seconds .

========================================================================
Received Import Request.
  Time since last request: 27.329858 seconds.
  path: Assets/SnowOnRock.shader
  artifactKey: Guid(a144e838021d60748b259ea5db60b511) Importer(815301076,1909f56bfc062723c751e8b465ee728b)
Start importing Assets/SnowOnRock.shader using Guid(a144e838021d60748b259ea5db60b511) Importer(815301076,1909f56bfc062723c751e8b465ee728b)  -> (artifact id: 'c82c832f934c23869776f985c04116ea') in 0.003691 seconds 
  Import took 0.005476 seconds .

========================================================================
Received Import Request.
  Time since last request: 52.632987 seconds.
  path: Assets/SnowOnRock.shader
  artifactKey: Guid(a144e838021d60748b259ea5db60b511) Importer(815301076,1909f56bfc062723c751e8b465ee728b)
Start importing Assets/SnowOnRock.shader using Guid(a144e838021d60748b259ea5db60b511) Importer(815301076,1909f56bfc062723c751e8b465ee728b)  -> (artifact id: '6409ef53dd445b14c5f545a40660330c') in 0.001617 seconds 
  Import took 0.003336 seconds .

========================================================================
Received Import Request.
  Time since last request: 40.789542 seconds.
  path: Assets/SnowOnRock.shader
  artifactKey: Guid(a144e838021d60748b259ea5db60b511) Importer(815301076,1909f56bfc062723c751e8b465ee728b)
Start importing Assets/SnowOnRock.shader using Guid(a144e838021d60748b259ea5db60b511) Importer(815301076,1909f56bfc062723c751e8b465ee728b)  -> (artifact id: '50f64fb89978428f067048bcf756dbc3') in 0.002069 seconds 
  Import took 0.004229 seconds .

========================================================================
Received Import Request.
  Time since last request: 12.322047 seconds.
  path: Assets/SnowOnRock.shader
  artifactKey: Guid(a144e838021d60748b259ea5db60b511) Importer(815301076,1909f56bfc062723c751e8b465ee728b)
Start importing Assets/SnowOnRock.shader using Guid(a144e838021d60748b259ea5db60b511) Importer(815301076,1909f56bfc062723c751e8b465ee728b)  -> (artifact id: 'f2704dd3847892e5acfa61d0d22b4262') in 0.005356 seconds 
  Import took 0.007319 seconds .

========================================================================
Received Import Request.
  Time since last request: 21.996969 seconds.
  path: Assets/SnowOnRock.shader
  artifactKey: Guid(a144e838021d60748b259ea5db60b511) Importer(815301076,1909f56bfc062723c751e8b465ee728b)
Start importing Assets/SnowOnRock.shader using Guid(a144e838021d60748b259ea5db60b511) Importer(815301076,1909f56bfc062723c751e8b465ee728b)  -> (artifact id: 'a432ba8c525c995c5a31df047d300d07') in 0.001583 seconds 
  Import took 0.003268 seconds .

========================================================================
Received Import Request.
  Time since last request: 78.954011 seconds.
  path: Assets/SnowOnRock.shader
  artifactKey: Guid(a144e838021d60748b259ea5db60b511) Importer(815301076,1909f56bfc062723c751e8b465ee728b)
Start importing Assets/SnowOnRock.shader using Guid(a144e838021d60748b259ea5db60b511) Importer(815301076,1909f56bfc062723c751e8b465ee728b)  -> (artifact id: 'ce5905fac257a4502d87db9675954607') in 0.001563 seconds 
  Import took 0.003423 seconds .

========================================================================
Received Import Request.
  Time since last request: 5.036366 seconds.
  path: Assets/SnowOnRock.shader
  artifactKey: Guid(a144e838021d60748b259ea5db60b511) Importer(815301076,1909f56bfc062723c751e8b465ee728b)
Start importing Assets/SnowOnRock.shader using Guid(a144e838021d60748b259ea5db60b511) Importer(815301076,1909f56bfc062723c751e8b465ee728b)  -> (artifact id: '4f362a7b23ec2f504f59a57f9d2c7f32') in 0.003613 seconds 
  Import took 0.006071 seconds .

========================================================================
Received Import Request.
  Time since last request: 28.722105 seconds.
  path: Assets/SnowOnRock.shader
  artifactKey: Guid(a144e838021d60748b259ea5db60b511) Importer(815301076,1909f56bfc062723c751e8b465ee728b)
Start importing Assets/SnowOnRock.shader using Guid(a144e838021d60748b259ea5db60b511) Importer(815301076,1909f56bfc062723c751e8b465ee728b)  -> (artifact id: 'a00f61dbb6ee845cf91a1284255e9c60') in 0.001653 seconds 
  Import took 0.003531 seconds .

========================================================================
Received Import Request.
  Time since last request: 48.192382 seconds.
  path: Assets/SnowOnRock.shader
  artifactKey: Guid(a144e838021d60748b259ea5db60b511) Importer(815301076,1909f56bfc062723c751e8b465ee728b)
Start importing Assets/SnowOnRock.shader using Guid(a144e838021d60748b259ea5db60b511) Importer(815301076,1909f56bfc062723c751e8b465ee728b)  -> (artifact id: '54dbb5ff4dc9e5ae0b9997d75b9c01c0') in 0.004149 seconds 
  Import took 0.005978 seconds .

========================================================================
Received Import Request.
  Time since last request: 4.035797 seconds.
  path: Assets/SnowOnRock.shader
  artifactKey: Guid(a144e838021d60748b259ea5db60b511) Importer(815301076,1909f56bfc062723c751e8b465ee728b)
Start importing Assets/SnowOnRock.shader using Guid(a144e838021d60748b259ea5db60b511) Importer(815301076,1909f56bfc062723c751e8b465ee728b)  -> (artifact id: '916beefdac23f7977848532af6519a05') in 0.001543 seconds 
  Import took 0.003253 seconds .

========================================================================
Received Import Request.
  Time since last request: 41.333411 seconds.
  path: Assets/SnowOnRock.shader
  artifactKey: Guid(a144e838021d60748b259ea5db60b511) Importer(815301076,1909f56bfc062723c751e8b465ee728b)
Start importing Assets/SnowOnRock.shader using Guid(a144e838021d60748b259ea5db60b511) Importer(815301076,1909f56bfc062723c751e8b465ee728b)  -> (artifact id: '58e60e1ec32ec7b929a05bfbc7f2f88c') in 0.003383 seconds 
  Import took 0.005581 seconds .

========================================================================
Received Import Request.
  Time since last request: 3.634063 seconds.
  path: Assets/SnowOnRock.shader
  artifactKey: Guid(a144e838021d60748b259ea5db60b511) Importer(815301076,1909f56bfc062723c751e8b465ee728b)
Start importing Assets/SnowOnRock.shader using Guid(a144e838021d60748b259ea5db60b511) Importer(815301076,1909f56bfc062723c751e8b465ee728b)  -> (artifact id: 'a8514454ebaa38ad76957b7b8bcd6b96') in 0.004413 seconds 
  Import took 0.006432 seconds .

========================================================================
Received Import Request.
  Time since last request: 2992.942609 seconds.
  path: Assets/Snow Texture.jpg
  artifactKey: Guid(e33f5a1461ed98842a4a3f1c42806017) Importer(815301076,1909f56bfc062723c751e8b465ee728b)
Start importing Assets/Snow Texture.jpg using Guid(e33f5a1461ed98842a4a3f1c42806017) Importer(815301076,1909f56bfc062723c751e8b465ee728b)  -> (artifact id: 'f808cfe00393b902714f9b3b8504d852') in 0.041894 seconds 
  Import took 0.044180 seconds .

AssetImportWorkerClient::OnTransportError - code=2 error=End of file
