Using pre-set license
Built from '2020.3/staging' branch; Version is '2020.3.20f1 (41c4e627c95f) revision 4310246'; Using compiler version '192528614'; Build Type 'Release'
OS: 'Windows 10 Pro; OS build 19044.1466; Version 2009; 64bit' Language: 'en' Physical Memory: 32593 MB
BatchMode: 1, IsHumanControllingUs: 0, StartBugReporterOnCrash: 0, Is64bit: 1, IsPro: 0

COMMAND LINE ARGUMENTS:
C:\Program Files\Unity\Hub\Editor\2020.3.20f1\Editor\Unity.exe
-adb2
-batchMode
-noUpm
-name
AssetImportWorker0
-projectPath
G:/Local Reposetories/Shader-Programming-Course/Shader Programming Course
-logFile
Logs/AssetImportWorker0.log
-srvPort
58455
Successfully changed project path to: G:/Local Reposetories/Shader-Programming-Course/Shader Programming Course
G:/Local Reposetories/Shader-Programming-Course/Shader Programming Course
Using Asset Import Pipeline V2.
Refreshing native plugins compatible for Editor in 24.49 ms, found 2 plugins.
Preloading 0 native plugins for Editor in 0.00 ms.
Initialize engine version: 2020.3.20f1 (41c4e627c95f)
[Subsystems] Discovering subsystems at path C:/Program Files/Unity/Hub/Editor/2020.3.20f1/Editor/Data/Resources/UnitySubsystems
[Subsystems] Discovering subsystems at path G:/Local Reposetories/Shader-Programming-Course/Shader Programming Course/Assets
GfxDevice: creating device client; threaded=0
Direct3D:
    Version:  Direct3D 11.0 [level 11.1]
    Renderer: AMD Radeon (TM) R9 390 Series (ID=0x67b1)
    Vendor:   
    VRAM:     8167 MB
    Driver:   27.20.20903.8001
Initialize mono
Mono path[0] = 'C:/Program Files/Unity/Hub/Editor/2020.3.20f1/Editor/Data/Managed'
Mono path[1] = 'C:/Program Files/Unity/Hub/Editor/2020.3.20f1/Editor/Data/MonoBleedingEdge/lib/mono/unityjit'
Mono config path = 'C:/Program Files/Unity/Hub/Editor/2020.3.20f1/Editor/Data/MonoBleedingEdge/etc'
Using monoOptions --debugger-agent=transport=dt_socket,embedding=1,server=y,suspend=n,address=127.0.0.1:56036
Begin MonoManager ReloadAssembly
Registering precompiled unity dll's ...
Register platform support module: C:/Program Files/Unity/Hub/Editor/2020.3.20f1/Editor/Data/PlaybackEngines/WindowsStandaloneSupport/UnityEditor.WindowsStandalone.Extensions.dll
Registered in 0.001708 seconds.
Native extension for WindowsStandalone target not found
Refreshing native plugins compatible for Editor in 24.10 ms, found 2 plugins.
Preloading 0 native plugins for Editor in 0.00 ms.
Mono: successfully reloaded assembly
- Completed reload, in  0.871 seconds
Domain Reload Profiling:
	ReloadAssembly (871ms)
		BeginReloadAssembly (48ms)
			ExecutionOrderSort (0ms)
			DisableScriptedObjects (0ms)
			BackupInstance (0ms)
			ReleaseScriptingObjects (0ms)
			CreateAndSetChildDomain (1ms)
		EndReloadAssembly (343ms)
			LoadAssemblies (46ms)
			RebuildTransferFunctionScriptingTraits (0ms)
			SetupTypeCache (123ms)
			ReleaseScriptCaches (0ms)
			RebuildScriptCaches (22ms)
			SetupLoadedEditorAssemblies (139ms)
				LogAssemblyErrors (0ms)
				InitializePlatformSupportModulesInManaged (4ms)
				SetLoadedEditorAssemblies (0ms)
				RefreshPlugins (24ms)
				BeforeProcessingInitializeOnLoad (11ms)
				ProcessInitializeOnLoadAttributes (75ms)
				ProcessInitializeOnLoadMethodAttributes (26ms)
				AfterProcessingInitializeOnLoad (0ms)
				EditorAssembliesLoaded (0ms)
			ExecutionOrderSort2 (0ms)
			AwakeInstancesAfterBackupRestoration (0ms)
Platform modules already initialized, skipping
Registering precompiled user dll's ...
Registered in 0.001375 seconds.
Begin MonoManager ReloadAssembly
Native extension for WindowsStandalone target not found
Refreshing native plugins compatible for Editor in 0.35 ms, found 2 plugins.
Preloading 0 native plugins for Editor in 0.00 ms.
Mono: successfully reloaded assembly
- Completed reload, in  0.812 seconds
Domain Reload Profiling:
	ReloadAssembly (812ms)
		BeginReloadAssembly (120ms)
			ExecutionOrderSort (0ms)
			DisableScriptedObjects (4ms)
			BackupInstance (0ms)
			ReleaseScriptingObjects (0ms)
			CreateAndSetChildDomain (16ms)
		EndReloadAssembly (638ms)
			LoadAssemblies (70ms)
			RebuildTransferFunctionScriptingTraits (0ms)
			SetupTypeCache (206ms)
			ReleaseScriptCaches (0ms)
			RebuildScriptCaches (33ms)
			SetupLoadedEditorAssemblies (253ms)
				LogAssemblyErrors (0ms)
				InitializePlatformSupportModulesInManaged (5ms)
				SetLoadedEditorAssemblies (1ms)
				RefreshPlugins (0ms)
				BeforeProcessingInitializeOnLoad (69ms)
				ProcessInitializeOnLoadAttributes (168ms)
				ProcessInitializeOnLoadMethodAttributes (4ms)
				AfterProcessingInitializeOnLoad (6ms)
				EditorAssembliesLoaded (0ms)
			ExecutionOrderSort2 (0ms)
			AwakeInstancesAfterBackupRestoration (6ms)
Platform modules already initialized, skipping
========================================================================
Worker process is ready to serve import requests
Launched and connected shader compiler UnityShaderCompiler.exe after 0.04 seconds
Refreshing native plugins compatible for Editor in 0.23 ms, found 2 plugins.
Preloading 0 native plugins for Editor in 0.00 ms.
Unloading 1404 Unused Serialized files (Serialized files now loaded: 0)
System memory in use before: 65.6 MB.
System memory in use after: 65.7 MB.

Unloading 16 unused Assets to reduce memory usage. Loaded Objects now: 1839.
Total: 2.277700 ms (FindLiveObjects: 0.116100 ms CreateObjectMapping: 0.032400 ms MarkObjects: 2.078900 ms  DeleteObjects: 0.048600 ms)

AssetImportParameters requested are different than current active one (requested -> active):
  custom:framework-win-MediaFoundation: 216162199b28c13a410421893ffa2e32 -> 
  custom:video-decoder-ogg-theora: a1e56fd34408186e4bbccfd4996cb3dc -> 
  custom:container-muxer-webm: aa71ff27fc2769a1b78a27578f13a17b -> 
  custom:container-demuxer-webm: 4f35f7cbe854078d1ac9338744f61a02 -> 
  custom:container-demuxer-ogg: 62fdf1f143b41e24485cea50d1cbac27 -> 
  custom:video-encoder-webm-vp8: eb34c28f22e8b96e1ab97ce403110664 -> 
  custom:video-decoder-webm-vp8: 9c59270c3fd7afecdb556c50c9e8de78 -> 
  custom:audio-decoder-ogg-vorbis: bf7c407c2cedff20999df2af8eb42d56 -> 
  custom:audio-encoder-webm-vorbis: bf7c407c2cedff20999df2af8eb42d56 -> 
========================================================================
Received Import Request.
  path: Assets/Stone Texture.jpg
  artifactKey: Guid(c9bb19c5abd3b7248b6e30c5bac4511b) Importer(815301076,1909f56bfc062723c751e8b465ee728b)
Start importing Assets/Stone Texture.jpg using Guid(c9bb19c5abd3b7248b6e30c5bac4511b) Importer(815301076,1909f56bfc062723c751e8b465ee728b)  -> (artifact id: 'd78f476ed050372e4a08da569900dfde') in 0.058896 seconds 
  Import took 0.060749 seconds .

========================================================================
Received Import Request.
  Time since last request: 471.345031 seconds.
  path: Assets/Glowing Color.shader
  artifactKey: Guid(e5839db2f3d6cde4abb3fcca90baf95b) Importer(815301076,1909f56bfc062723c751e8b465ee728b)
Start importing Assets/Glowing Color.shader using Guid(e5839db2f3d6cde4abb3fcca90baf95b) Importer(815301076,1909f56bfc062723c751e8b465ee728b)  -> (artifact id: 'b6ebf84e9ab5d37b9d9bb82cde45a7c9') in 0.010259 seconds 
  Import took 0.012570 seconds .

========================================================================
Received Import Request.
  Time since last request: 61.946034 seconds.
  path: Assets/Glowing Color.shader
  artifactKey: Guid(e5839db2f3d6cde4abb3fcca90baf95b) Importer(815301076,1909f56bfc062723c751e8b465ee728b)
Start importing Assets/Glowing Color.shader using Guid(e5839db2f3d6cde4abb3fcca90baf95b) Importer(815301076,1909f56bfc062723c751e8b465ee728b)  -> (artifact id: 'af68cf282055cf82ce71c8629bf39827') in 0.007433 seconds 
  Import took 0.009450 seconds .

========================================================================
Received Import Request.
  Time since last request: 12.298912 seconds.
  path: Assets/Glowing Color.shader
  artifactKey: Guid(e5839db2f3d6cde4abb3fcca90baf95b) Importer(815301076,1909f56bfc062723c751e8b465ee728b)
Start importing Assets/Glowing Color.shader using Guid(e5839db2f3d6cde4abb3fcca90baf95b) Importer(815301076,1909f56bfc062723c751e8b465ee728b)  -> (artifact id: '412d867d5fd691d655b347566079f84a') in 0.003594 seconds 
  Import took 0.005419 seconds .

========================================================================
Received Import Request.
  Time since last request: 276.598935 seconds.
  path: Assets/Lighting.shader
  artifactKey: Guid(e65b3931e347f5c4babc4af093cbb3ff) Importer(815301076,1909f56bfc062723c751e8b465ee728b)
Start importing Assets/Lighting.shader using Guid(e65b3931e347f5c4babc4af093cbb3ff) Importer(815301076,1909f56bfc062723c751e8b465ee728b)  -> (artifact id: '3c81bef7f159116fe0fb78ad980e693f') in 0.007806 seconds 
  Import took 0.010008 seconds .

========================================================================
Received Import Request.
  Time since last request: 1735.182707 seconds.
  path: Assets/Glowing Color.shader
  artifactKey: Guid(e5839db2f3d6cde4abb3fcca90baf95b) Importer(815301076,1909f56bfc062723c751e8b465ee728b)
Start importing Assets/Glowing Color.shader using Guid(e5839db2f3d6cde4abb3fcca90baf95b) Importer(815301076,1909f56bfc062723c751e8b465ee728b)  -> (artifact id: 'b84dc1f14797effff58e046b835db154') in 0.008195 seconds 
  Import took 0.010465 seconds .

========================================================================
Received Import Request.
  Time since last request: 644.599116 seconds.
  path: Assets/Glowing Color.shader
  artifactKey: Guid(e5839db2f3d6cde4abb3fcca90baf95b) Importer(815301076,1909f56bfc062723c751e8b465ee728b)
Start importing Assets/Glowing Color.shader using Guid(e5839db2f3d6cde4abb3fcca90baf95b) Importer(815301076,1909f56bfc062723c751e8b465ee728b)  -> (artifact id: 'd6e561655a3a7d817cae36e9b24736ce') in 0.002462 seconds 
  Import took 0.005405 seconds .

========================================================================
Received Import Request.
  Time since last request: 174.616912 seconds.
  path: Assets/Lighting.shader
  artifactKey: Guid(e65b3931e347f5c4babc4af093cbb3ff) Importer(815301076,1909f56bfc062723c751e8b465ee728b)
Start importing Assets/Lighting.shader using Guid(e65b3931e347f5c4babc4af093cbb3ff) Importer(815301076,1909f56bfc062723c751e8b465ee728b)  -> (artifact id: 'f9d612284b61446659e3bf9df47c8e3c') in 0.004026 seconds 
  Import took 0.005837 seconds .

========================================================================
Received Import Request.
  Time since last request: 94.418510 seconds.
  path: Assets/Transparancy.shader
  artifactKey: Guid(531d0cc133de53e4987b4351673d57db) Importer(815301076,1909f56bfc062723c751e8b465ee728b)
Start importing Assets/Transparancy.shader using Guid(531d0cc133de53e4987b4351673d57db) Importer(815301076,1909f56bfc062723c751e8b465ee728b)  -> (artifact id: '1f4931375e34d339ad3864afb46ba2b9') in 0.007163 seconds 
  Import took 0.009487 seconds .

========================================================================
Received Import Request.
  Time since last request: 65.182850 seconds.
  path: Assets/Scenes
  artifactKey: Guid(c733efc3c114dbb489a07b61bd0d9947) Importer(815301076,1909f56bfc062723c751e8b465ee728b)
Start importing Assets/Scenes using Guid(c733efc3c114dbb489a07b61bd0d9947) Importer(815301076,1909f56bfc062723c751e8b465ee728b)  -> (artifact id: 'c05a958a8a8570ff3dc8ceaa4a708b73') in 0.007089 seconds 
  Import took 0.008999 seconds .

========================================================================
Received Import Request.
  Time since last request: 2.193350 seconds.
  path: Assets/Materials
  artifactKey: Guid(22d50fb2aa2a9394880ce38072d9e83a) Importer(815301076,1909f56bfc062723c751e8b465ee728b)
Start importing Assets/Materials using Guid(22d50fb2aa2a9394880ce38072d9e83a) Importer(815301076,1909f56bfc062723c751e8b465ee728b)  -> (artifact id: 'b807b1b1f97efcbafd24706f97b136ec') in 0.008706 seconds 
  Import took 0.010644 seconds .

AssetImportWorkerClient::OnTransportError - code=2 error=End of file
