Using pre-set license
Built from '2020.3/staging' branch; Version is '2020.3.20f1 (41c4e627c95f) revision 4310246'; Using compiler version '192528614'; Build Type 'Release'
OS: 'Windows 10 Pro; OS build 19043.1415; Version 2009; 64bit' Language: 'en' Physical Memory: 16321 MB
BatchMode: 1, IsHumanControllingUs: 0, StartBugReporterOnCrash: 0, Is64bit: 1, IsPro: 0

COMMAND LINE ARGUMENTS:
C:\Program Files\Unity\Hub\Editor\2020.3.20f1\Editor\Unity.exe
-adb2
-batchMode
-noUpm
-name
AssetImportWorker1
-projectPath
G:/Local Reposetories/Shader-Programming-Course/Shader Programming Course
-logFile
Logs/AssetImportWorker1.log
-srvPort
61011
Successfully changed project path to: G:/Local Reposetories/Shader-Programming-Course/Shader Programming Course
G:/Local Reposetories/Shader-Programming-Course/Shader Programming Course
Using Asset Import Pipeline V2.
Refreshing native plugins compatible for Editor in 42.94 ms, found 2 plugins.
Preloading 0 native plugins for Editor in 0.00 ms.
Initialize engine version: 2020.3.20f1 (41c4e627c95f)
[Subsystems] Discovering subsystems at path C:/Program Files/Unity/Hub/Editor/2020.3.20f1/Editor/Data/Resources/UnitySubsystems
[Subsystems] Discovering subsystems at path G:/Local Reposetories/Shader-Programming-Course/Shader Programming Course/Assets
GfxDevice: creating device client; threaded=0
Direct3D:
    Version:  Direct3D 11.0 [level 11.1]
    Renderer: AMD Radeon (TM) R9 390 Series (ID=0x67b1)
    Vendor:   
    VRAM:     8167 MB
    Driver:   27.20.20903.8001
Initialize mono
Mono path[0] = 'C:/Program Files/Unity/Hub/Editor/2020.3.20f1/Editor/Data/Managed'
Mono path[1] = 'C:/Program Files/Unity/Hub/Editor/2020.3.20f1/Editor/Data/MonoBleedingEdge/lib/mono/unityjit'
Mono config path = 'C:/Program Files/Unity/Hub/Editor/2020.3.20f1/Editor/Data/MonoBleedingEdge/etc'
Using monoOptions --debugger-agent=transport=dt_socket,embedding=1,server=y,suspend=n,address=127.0.0.1:56532
Begin MonoManager ReloadAssembly
Registering precompiled unity dll's ...
Register platform support module: C:/Program Files/Unity/Hub/Editor/2020.3.20f1/Editor/Data/PlaybackEngines/WindowsStandaloneSupport/UnityEditor.WindowsStandalone.Extensions.dll
Registered in 0.005324 seconds.
Native extension for WindowsStandalone target not found
Refreshing native plugins compatible for Editor in 33.90 ms, found 2 plugins.
Preloading 0 native plugins for Editor in 0.00 ms.
Mono: successfully reloaded assembly
- Completed reload, in  1.615 seconds
Domain Reload Profiling:
	ReloadAssembly (1615ms)
		BeginReloadAssembly (92ms)
			ExecutionOrderSort (0ms)
			DisableScriptedObjects (0ms)
			BackupInstance (0ms)
			ReleaseScriptingObjects (0ms)
			CreateAndSetChildDomain (1ms)
		EndReloadAssembly (654ms)
			LoadAssemblies (86ms)
			RebuildTransferFunctionScriptingTraits (0ms)
			SetupTypeCache (302ms)
			ReleaseScriptCaches (0ms)
			RebuildScriptCaches (44ms)
			SetupLoadedEditorAssemblies (203ms)
				LogAssemblyErrors (0ms)
				InitializePlatformSupportModulesInManaged (4ms)
				SetLoadedEditorAssemblies (0ms)
				RefreshPlugins (34ms)
				BeforeProcessingInitializeOnLoad (17ms)
				ProcessInitializeOnLoadAttributes (110ms)
				ProcessInitializeOnLoadMethodAttributes (37ms)
				AfterProcessingInitializeOnLoad (0ms)
				EditorAssembliesLoaded (0ms)
			ExecutionOrderSort2 (0ms)
			AwakeInstancesAfterBackupRestoration (0ms)
Platform modules already initialized, skipping
Registering precompiled user dll's ...
Registered in 0.002947 seconds.
Begin MonoManager ReloadAssembly
Native extension for WindowsStandalone target not found
Refreshing native plugins compatible for Editor in 0.34 ms, found 2 plugins.
Preloading 0 native plugins for Editor in 0.00 ms.
Mono: successfully reloaded assembly
- Completed reload, in  1.513 seconds
Domain Reload Profiling:
	ReloadAssembly (1515ms)
		BeginReloadAssembly (242ms)
			ExecutionOrderSort (0ms)
			DisableScriptedObjects (6ms)
			BackupInstance (0ms)
			ReleaseScriptingObjects (0ms)
			CreateAndSetChildDomain (26ms)
		EndReloadAssembly (1179ms)
			LoadAssemblies (131ms)
			RebuildTransferFunctionScriptingTraits (0ms)
			SetupTypeCache (394ms)
			ReleaseScriptCaches (0ms)
			RebuildScriptCaches (66ms)
			SetupLoadedEditorAssemblies (410ms)
				LogAssemblyErrors (0ms)
				InitializePlatformSupportModulesInManaged (8ms)
				SetLoadedEditorAssemblies (0ms)
				RefreshPlugins (0ms)
				BeforeProcessingInitializeOnLoad (120ms)
				ProcessInitializeOnLoadAttributes (263ms)
				ProcessInitializeOnLoadMethodAttributes (5ms)
				AfterProcessingInitializeOnLoad (14ms)
				EditorAssembliesLoaded (0ms)
			ExecutionOrderSort2 (0ms)
			AwakeInstancesAfterBackupRestoration (7ms)
Platform modules already initialized, skipping
========================================================================
Worker process is ready to serve import requests
Launched and connected shader compiler UnityShaderCompiler.exe after 0.08 seconds
Refreshing native plugins compatible for Editor in 0.32 ms, found 2 plugins.
Preloading 0 native plugins for Editor in 0.00 ms.
Unloading 1401 Unused Serialized files (Serialized files now loaded: 0)
System memory in use before: 65.2 MB.
System memory in use after: 65.3 MB.

Unloading 16 unused Assets to reduce memory usage. Loaded Objects now: 1836.
Total: 6.379700 ms (FindLiveObjects: 0.151400 ms CreateObjectMapping: 0.059200 ms MarkObjects: 6.085800 ms  DeleteObjects: 0.081800 ms)

AssetImportParameters requested are different than current active one (requested -> active):
  custom:framework-win-MediaFoundation: 216162199b28c13a410421893ffa2e32 -> 
  custom:video-decoder-ogg-theora: a1e56fd34408186e4bbccfd4996cb3dc -> 
  custom:container-muxer-webm: aa71ff27fc2769a1b78a27578f13a17b -> 
  custom:container-demuxer-webm: 4f35f7cbe854078d1ac9338744f61a02 -> 
  custom:container-demuxer-ogg: 62fdf1f143b41e24485cea50d1cbac27 -> 
  custom:video-encoder-webm-vp8: eb34c28f22e8b96e1ab97ce403110664 -> 
  custom:video-decoder-webm-vp8: 9c59270c3fd7afecdb556c50c9e8de78 -> 
  custom:audio-decoder-ogg-vorbis: bf7c407c2cedff20999df2af8eb42d56 -> 
  custom:audio-encoder-webm-vorbis: bf7c407c2cedff20999df2af8eb42d56 -> 
========================================================================
Received Import Request.
  path: Assets/BasicShader.shader
  artifactKey: Guid(8eed181d088a01a4b8bb36a9deb154ab) Importer(815301076,1909f56bfc062723c751e8b465ee728b)
Start importing Assets/BasicShader.shader using Guid(8eed181d088a01a4b8bb36a9deb154ab) Importer(815301076,1909f56bfc062723c751e8b465ee728b)  -> (artifact id: '37b38151087022195487cf205608671d') in 0.035948 seconds 
  Import took 0.039316 seconds .

========================================================================
Received Import Request.
  Time since last request: 60.140240 seconds.
  path: Assets/BasicShader.shader
  artifactKey: Guid(8eed181d088a01a4b8bb36a9deb154ab) Importer(815301076,1909f56bfc062723c751e8b465ee728b)
Start importing Assets/BasicShader.shader using Guid(8eed181d088a01a4b8bb36a9deb154ab) Importer(815301076,1909f56bfc062723c751e8b465ee728b)  -> (artifact id: '314f64938dfa0dc6efdac7434b4a6da5') in 0.007038 seconds 
  Import took 0.010777 seconds .

========================================================================
Received Import Request.
  Time since last request: 13.516876 seconds.
  path: Assets/BasicShader.shader
  artifactKey: Guid(8eed181d088a01a4b8bb36a9deb154ab) Importer(815301076,1909f56bfc062723c751e8b465ee728b)
Start importing Assets/BasicShader.shader using Guid(8eed181d088a01a4b8bb36a9deb154ab) Importer(815301076,1909f56bfc062723c751e8b465ee728b)  -> (artifact id: 'dac78c340e3f6e34f75b7c0ee40426ff') in 0.002485 seconds 
  Import took 0.005590 seconds .

========================================================================
Received Import Request.
  Time since last request: 17.055191 seconds.
  path: Assets/BasicShader.shader
  artifactKey: Guid(8eed181d088a01a4b8bb36a9deb154ab) Importer(815301076,1909f56bfc062723c751e8b465ee728b)
Start importing Assets/BasicShader.shader using Guid(8eed181d088a01a4b8bb36a9deb154ab) Importer(815301076,1909f56bfc062723c751e8b465ee728b)  -> (artifact id: 'a378655d427b98257d6c9a15357f9f02') in 0.007746 seconds 
  Import took 0.011068 seconds .

========================================================================
Received Import Request.
  Time since last request: 11.735644 seconds.
  path: Assets/BasicShader.shader
  artifactKey: Guid(8eed181d088a01a4b8bb36a9deb154ab) Importer(815301076,1909f56bfc062723c751e8b465ee728b)
Start importing Assets/BasicShader.shader using Guid(8eed181d088a01a4b8bb36a9deb154ab) Importer(815301076,1909f56bfc062723c751e8b465ee728b)  -> (artifact id: 'b924b31c6832494dffaaefd1c48add5a') in 0.005405 seconds 
  Import took 0.056887 seconds .

========================================================================
Received Import Request.
  Time since last request: 2483.887804 seconds.
  path: Assets/GrassTexture.jpg
  artifactKey: Guid(424366d0ad26e4b40954e2ffd7e35b2c) Importer(815301076,1909f56bfc062723c751e8b465ee728b)
Start importing Assets/GrassTexture.jpg using Guid(424366d0ad26e4b40954e2ffd7e35b2c) Importer(815301076,1909f56bfc062723c751e8b465ee728b)  -> (artifact id: 'a4a32d712ae5989545c1eb2aeba98e91') in 0.085624 seconds 
  Import took 0.088770 seconds .

AssetImportWorkerClient::OnTransportError - code=2 error=End of file
